{"level":"info","message":"Hello from Acquisitions","service":"acquisitions-api","timestamp":"2026-04-11T15:14:15.826Z"}
{"level":"info","message":"::1 - - [11/Apr/2026:15:14:15 +0000] \"GET / HTTP/1.1\" 304 - \"-\" \"Mozilla/5.0 (Windows NT 10.0; Win64; x64) AppleWebKit/537.36 (KHTML, like Gecko) Chrome/147.0.0.0 Safari/537.36\"","service":"acquisitions-api","timestamp":"2026-04-11T15:14:15.863Z"}
{"level":"info","message":"::1 - - [11/Apr/2026:15:14:16 +0000] \"GET /favicon.ico HTTP/1.1\" 404 150 \"-\" \"Mozilla/5.0 (Windows NT 10.0; Win64; x64) AppleWebKit/537.36 (KHTML, like Gecko) Chrome/147.0.0.0 Safari/537.36\"","service":"acquisitions-api","timestamp":"2026-04-11T15:14:16.057Z"}
{"level":"info","message":"::1 - - [11/Apr/2026:19:54:05 +0000] \"GET /api HTTP/1.1\" 404 142 \"-\" \"PostmanRuntime/7.53.0\"","service":"acquisitions-api","timestamp":"2026-04-11T19:54:05.057Z"}
{"level":"info","message":"::1 - - [11/Apr/2026:19:54:43 +0000] \"GET /api HTTP/1.1\" 404 142 \"-\" \"PostmanRuntime/7.53.0\"","service":"acquisitions-api","timestamp":"2026-04-11T19:54:43.094Z"}
{"level":"info","message":"::1 - - [11/Apr/2026:19:55:45 +0000] \"GET /api HTTP/1.1\" 404 142 \"-\" \"PostmanRuntime/7.53.0\"","service":"acquisitions-api","timestamp":"2026-04-11T19:55:45.958Z"}
{"level":"info","message":"Hello from Acquisitions","service":"acquisitions-api","timestamp":"2026-04-11T19:55:53.503Z"}
{"level":"info","message":"::1 - - [11/Apr/2026:19:55:53 +0000] \"GET / HTTP/1.1\" 200 23 \"-\" \"PostmanRuntime/7.53.0\"","service":"acquisitions-api","timestamp":"2026-04-11T19:55:53.515Z"}
{"level":"info","message":"::1 - - [11/Apr/2026:19:56:25 +0000] \"GET /api HTTP/1.1\" 404 142 \"-\" \"PostmanRuntime/7.53.0\"","service":"acquisitions-api","timestamp":"2026-04-11T19:56:25.346Z"}
{"level":"info","message":"::1 - - [11/Apr/2026:19:56:31 +0000] \"GET /health HTTP/1.1\" 200 54 \"-\" \"PostmanRuntime/7.53.0\"","service":"acquisitions-api","timestamp":"2026-04-11T19:56:31.341Z"}
{"level":"info","message":"::1 - - [11/Apr/2026:19:57:03 +0000] \"GET /api HTTP/1.1\" 200 38 \"-\" \"PostmanRuntime/7.53.0\"","service":"acquisitions-api","timestamp":"2026-04-11T19:57:03.296Z"}
{"level":"info","message":"::1 - - [11/Apr/2026:19:57:38 +0000] \"GET /api HTTP/1.1\" 200 38 \"-\" \"PostmanRuntime/7.53.0\"","service":"acquisitions-api","timestamp":"2026-04-11T19:57:38.252Z"}
{"level":"info","message":"::1 - - [11/Apr/2026:19:57:53 +0000] \"GET /health HTTP/1.1\" 200 74 \"-\" \"PostmanRuntime/7.53.0\"","service":"acquisitions-api","timestamp":"2026-04-11T19:57:53.220Z"}
{"level":"info","message":"::1 - - [11/Apr/2026:19:57:58 +0000] \"GET /health HTTP/1.1\" 200 74 \"-\" \"PostmanRuntime/7.53.0\"","service":"acquisitions-api","timestamp":"2026-04-11T19:57:58.994Z"}
{"level":"info","message":"::1 - - [11/Apr/2026:20:04:12 +0000] \"GET /api/auth/sign-in HTTP/1.1\" 404 155 \"-\" \"PostmanRuntime/7.53.0\"","service":"acquisitions-api","timestamp":"2026-04-11T20:04:12.399Z"}
{"level":"info","message":"::1 - - [11/Apr/2026:20:04:22 +0000] \"POST /api/auth/sign-in HTTP/1.1\" 200 31 \"-\" \"PostmanRuntime/7.53.0\"","service":"acquisitions-api","timestamp":"2026-04-11T20:04:22.690Z"}
{"level":"info","message":"::1 - - [11/Apr/2026:20:57:55 +0000] \"POST /api/auth/sign-up HTTP/1.1\" 400 92 \"-\" \"PostmanRuntime/7.53.0\"","service":"acquisitions-api","timestamp":"2026-04-11T20:57:55.383Z"}
{"level":"info","message":"::1 - - [11/Apr/2026:21:00:37 +0000] \"POST /api/auth/sign-up?name=adam&email=adam3@gmail.com&password=12345 HTTP/1.1\" 400 92 \"-\" \"PostmanRuntime/7.53.0\"","service":"acquisitions-api","timestamp":"2026-04-11T21:00:37.490Z"}
{"level":"info","message":"::1 - - [11/Apr/2026:21:01:32 +0000] \"POST /api/auth/sign-up HTTP/1.1\" 500 1314 \"-\" \"PostmanRuntime/7.53.0\"","service":"acquisitions-api","timestamp":"2026-04-11T21:01:32.611Z"}
{"level":"info","message":"::1 - - [11/Apr/2026:21:02:07 +0000] \"POST /api/auth/sign-up HTTP/1.1\" 500 1314 \"-\" \"PostmanRuntime/7.53.0\"","service":"acquisitions-api","timestamp":"2026-04-11T21:02:07.958Z"}
{"level":"info","message":"User registered successfully: adam@example.com","service":"acquisitions-api","timestamp":"2026-04-11T21:04:07.006Z"}
{"level":"info","message":"::1 - - [11/Apr/2026:21:04:07 +0000] \"POST /api/auth/sign-up HTTP/1.1\" 201 100 \"-\" \"PostmanRuntime/7.53.0\"","service":"acquisitions-api","timestamp":"2026-04-11T21:04:07.015Z"}
{"level":"error","message":"Error creating the user: ReferenceError: db is not defined","service":"acquisitions-api","timestamp":"2026-04-11T21:23:00.095Z"}
{"level":"error","message":"Signup error db is not defined","service":"acquisitions-api","stack":"ReferenceError: db is not defined\n    at createUser (file:///C:/Users/HomePC/Desktop/DevOps/acquisitions/src/services/auth.service.js:15:26)\n    at signup (file:///C:/Users/HomePC/Desktop/DevOps/acquisitions/src/controllers/auth.controller.js:21:24)\n    at Layer.handleRequest (C:\\Users\\HomePC\\Desktop\\DevOps\\acquisitions\\node_modules\\router\\lib\\layer.js:152:17)\n    at next (C:\\Users\\HomePC\\Desktop\\DevOps\\acquisitions\\node_modules\\router\\lib\\route.js:157:13)\n    at Route.dispatch (C:\\Users\\HomePC\\Desktop\\DevOps\\acquisitions\\node_modules\\router\\lib\\route.js:117:3)\n    at handle (C:\\Users\\HomePC\\Desktop\\DevOps\\acquisitions\\node_modules\\router\\index.js:435:11)\n    at Layer.handleRequest (C:\\Users\\HomePC\\Desktop\\DevOps\\acquisitions\\node_modules\\router\\lib\\layer.js:152:17)\n    at C:\\Users\\HomePC\\Desktop\\DevOps\\acquisitions\\node_modules\\router\\index.js:295:15\n    at processParams (C:\\Users\\HomePC\\Desktop\\DevOps\\acquisitions\\node_modules\\router\\index.js:582:12)\n    at next (C:\\Users\\HomePC\\Desktop\\DevOps\\acquisitions\\node_modules\\router\\index.js:291:5)","timestamp":"2026-04-11T21:23:00.099Z"}
{"level":"info","message":"::1 - - [11/Apr/2026:21:23:00 +0000] \"POST /api/auth/sign-up HTTP/1.1\" 500 1316 \"-\" \"PostmanRuntime/7.53.0\"","service":"acquisitions-api","timestamp":"2026-04-11T21:23:00.103Z"}
{"level":"info","message":"::1 - - [11/Apr/2026:21:40:15 +0000] \"POST /api/auth/sign-up HTTP/1.1\" 400 92 \"-\" \"PostmanRuntime/7.53.0\"","service":"acquisitions-api","timestamp":"2026-04-11T21:40:15.895Z"}
{"level":"info","message":"User john.doe@example.com created successfully","service":"acquisitions-api","timestamp":"2026-04-11T21:40:54.317Z"}
{"level":"error","message":"Failed to authenticate token secretOrPrivateKey must have a value","service":"acquisitions-api","stack":"Error: secretOrPrivateKey must have a value\n    at module.exports [as sign] (C:\\Users\\HomePC\\Desktop\\DevOps\\acquisitions\\node_modules\\jsonwebtoken\\sign.js:111:20)\n    at Object.sign (file:///C:/Users/HomePC/Desktop/DevOps/acquisitions/src/utils/jwt.js:10:18)\n    at signup (file:///C:/Users/HomePC/Desktop/DevOps/acquisitions/src/controllers/auth.controller.js:22:28)\n    at process.processTicksAndRejections (node:internal/process/task_queues:104:5)","timestamp":"2026-04-11T21:40:54.319Z"}
{"level":"error","message":"Signup error Failed to authenticate token","service":"acquisitions-api","stack":"Error: Failed to authenticate token\n    at Object.sign (file:///C:/Users/HomePC/Desktop/DevOps/acquisitions/src/utils/jwt.js:13:13)\n    at signup (file:///C:/Users/HomePC/Desktop/DevOps/acquisitions/src/controllers/auth.controller.js:22:28)\n    at process.processTicksAndRejections (node:internal/process/task_queues:104:5)","timestamp":"2026-04-11T21:40:54.319Z"}
{"level":"info","message":"::1 - - [11/Apr/2026:21:40:54 +0000] \"POST /api/auth/sign-up HTTP/1.1\" 500 489 \"-\" \"PostmanRuntime/7.53.0\"","service":"acquisitions-api","timestamp":"2026-04-11T21:40:54.322Z"}
{"level":"error","message":"Error creating the user: Error: User with this email already exists","service":"acquisitions-api","timestamp":"2026-04-11T21:49:44.701Z"}
{"level":"error","message":"Signup error User with this email already exists","service":"acquisitions-api","stack":"Error: User with this email already exists\n    at createUser (file:///C:/Users/HomePC/Desktop/DevOps/acquisitions/src/services/auth.service.js:25:13)\n    at process.processTicksAndRejections (node:internal/process/task_queues:104:5)\n    at async signup (file:///C:/Users/HomePC/Desktop/DevOps/acquisitions/src/controllers/auth.controller.js:21:18)","timestamp":"2026-04-11T21:49:44.703Z"}
{"level":"info","message":"::1 - - [11/Apr/2026:21:49:44 +0000] \"POST /api/auth/sign-up HTTP/1.1\" 409 31 \"-\" \"PostmanRuntime/7.53.0\"","service":"acquisitions-api","timestamp":"2026-04-11T21:49:44.706Z"}
{"level":"info","message":"User adam@example.com created successfully","service":"acquisitions-api","timestamp":"2026-04-11T21:50:15.614Z"}
{"level":"error","message":"Failed to authenticate token secretOrPrivateKey must have a value","service":"acquisitions-api","stack":"Error: secretOrPrivateKey must have a value\n    at module.exports [as sign] (C:\\Users\\HomePC\\Desktop\\DevOps\\acquisitions\\node_modules\\jsonwebtoken\\sign.js:111:20)\n    at Object.sign (file:///C:/Users/HomePC/Desktop/DevOps/acquisitions/src/utils/jwt.js:10:18)\n    at signup (file:///C:/Users/HomePC/Desktop/DevOps/acquisitions/src/controllers/auth.controller.js:22:28)\n    at process.processTicksAndRejections (node:internal/process/task_queues:104:5)","timestamp":"2026-04-11T21:50:15.616Z"}
{"level":"error","message":"Signup error Failed to authenticate token","service":"acquisitions-api","stack":"Error: Failed to authenticate token\n    at Object.sign (file:///C:/Users/HomePC/Desktop/DevOps/acquisitions/src/utils/jwt.js:13:13)\n    at signup (file:///C:/Users/HomePC/Desktop/DevOps/acquisitions/src/controllers/auth.controller.js:22:28)\n    at process.processTicksAndRejections (node:internal/process/task_queues:104:5)","timestamp":"2026-04-11T21:50:15.617Z"}
{"level":"info","message":"::1 - - [11/Apr/2026:21:50:15 +0000] \"POST /api/auth/sign-up HTTP/1.1\" 500 489 \"-\" \"PostmanRuntime/7.53.0\"","service":"acquisitions-api","timestamp":"2026-04-11T21:50:15.619Z"}
{"level":"error","message":"Error creating the user: Error: User with this email already exists","service":"acquisitions-api","timestamp":"2026-04-11T21:50:51.263Z"}
{"level":"error","message":"Signup error User with this email already exists","service":"acquisitions-api","stack":"Error: User with this email already exists\n    at createUser (file:///C:/Users/HomePC/Desktop/DevOps/acquisitions/src/services/auth.service.js:25:13)\n    at process.processTicksAndRejections (node:internal/process/task_queues:104:5)\n    at async signup (file:///C:/Users/HomePC/Desktop/DevOps/acquisitions/src/controllers/auth.controller.js:21:18)","timestamp":"2026-04-11T21:50:51.264Z"}
{"level":"info","message":"::1 - - [11/Apr/2026:21:50:51 +0000] \"POST /api/auth/sign-up HTTP/1.1\" 409 31 \"-\" \"PostmanRuntime/7.53.0\"","service":"acquisitions-api","timestamp":"2026-04-11T21:50:51.267Z"}
{"level":"error","message":"Error creating the user: Error: User with this email already exists","service":"acquisitions-api","timestamp":"2026-04-11T21:51:03.413Z"}
{"level":"error","message":"Signup error User with this email already exists","service":"acquisitions-api","stack":"Error: User with this email already exists\n    at createUser (file:///C:/Users/HomePC/Desktop/DevOps/acquisitions/src/services/auth.service.js:25:13)\n    at process.processTicksAndRejections (node:internal/process/task_queues:104:5)\n    at async signup (file:///C:/Users/HomePC/Desktop/DevOps/acquisitions/src/controllers/auth.controller.js:21:18)","timestamp":"2026-04-11T21:51:03.414Z"}
{"level":"info","message":"::1 - - [11/Apr/2026:21:51:03 +0000] \"POST /api/auth/sign-up HTTP/1.1\" 409 31 \"-\" \"PostmanRuntime/7.53.0\"","service":"acquisitions-api","timestamp":"2026-04-11T21:51:03.416Z"}
{"level":"info","message":"User adam@example.commm created successfully","service":"acquisitions-api","timestamp":"2026-04-11T21:51:25.658Z"}
{"level":"error","message":"Failed to authenticate token secretOrPrivateKey must have a value","service":"acquisitions-api","stack":"Error: secretOrPrivateKey must have a value\n    at module.exports [as sign] (C:\\Users\\HomePC\\Desktop\\DevOps\\acquisitions\\node_modules\\jsonwebtoken\\sign.js:111:20)\n    at Object.sign (file:///C:/Users/HomePC/Desktop/DevOps/acquisitions/src/utils/jwt.js:10:18)\n    at signup (file:///C:/Users/HomePC/Desktop/DevOps/acquisitions/src/controllers/auth.controller.js:22:28)\n    at process.processTicksAndRejections (node:internal/process/task_queues:104:5)","timestamp":"2026-04-11T21:51:25.658Z"}
{"level":"error","message":"Signup error Failed to authenticate token","service":"acquisitions-api","stack":"Error: Failed to authenticate token\n    at Object.sign (file:///C:/Users/HomePC/Desktop/DevOps/acquisitions/src/utils/jwt.js:13:13)\n    at signup (file:///C:/Users/HomePC/Desktop/DevOps/acquisitions/src/controllers/auth.controller.js:22:28)\n    at process.processTicksAndRejections (node:internal/process/task_queues:104:5)","timestamp":"2026-04-11T21:51:25.659Z"}
{"level":"info","message":"::1 - - [11/Apr/2026:21:51:25 +0000] \"POST /api/auth/sign-up HTTP/1.1\" 500 489 \"-\" \"PostmanRuntime/7.53.0\"","service":"acquisitions-api","timestamp":"2026-04-11T21:51:25.660Z"}
{"level":"info","message":"User adam@examplww.com created successfully","service":"acquisitions-api","timestamp":"2026-04-11T21:51:48.150Z"}
{"level":"error","message":"Failed to authenticate token secretOrPrivateKey must have a value","service":"acquisitions-api","stack":"Error: secretOrPrivateKey must have a value\n    at module.exports [as sign] (C:\\Users\\HomePC\\Desktop\\DevOps\\acquisitions\\node_modules\\jsonwebtoken\\sign.js:111:20)\n    at Object.sign (file:///C:/Users/HomePC/Desktop/DevOps/acquisitions/src/utils/jwt.js:10:18)\n    at signup (file:///C:/Users/HomePC/Desktop/DevOps/acquisitions/src/controllers/auth.controller.js:22:28)\n    at process.processTicksAndRejections (node:internal/process/task_queues:104:5)","timestamp":"2026-04-11T21:51:48.151Z"}
{"level":"error","message":"Signup error Failed to authenticate token","service":"acquisitions-api","stack":"Error: Failed to authenticate token\n    at Object.sign (file:///C:/Users/HomePC/Desktop/DevOps/acquisitions/src/utils/jwt.js:13:13)\n    at signup (file:///C:/Users/HomePC/Desktop/DevOps/acquisitions/src/controllers/auth.controller.js:22:28)\n    at process.processTicksAndRejections (node:internal/process/task_queues:104:5)","timestamp":"2026-04-11T21:51:48.152Z"}
{"level":"info","message":"::1 - - [11/Apr/2026:21:51:48 +0000] \"POST /api/auth/sign-up HTTP/1.1\" 500 489 \"-\" \"PostmanRuntime/7.53.0\"","service":"acquisitions-api","timestamp":"2026-04-11T21:51:48.153Z"}
{"level":"error","message":"Error creating the user: Error: User with this email already exists","service":"acquisitions-api","timestamp":"2026-04-11T22:44:54.277Z"}
{"level":"error","message":"Signup error User with this email already exists","service":"acquisitions-api","stack":"Error: User with this email already exists\n    at createUser (file:///C:/Users/HomePC/Desktop/DevOps/acquisitions/src/services/auth.service.js:25:13)\n    at process.processTicksAndRejections (node:internal/process/task_queues:104:5)\n    at async signup (file:///C:/Users/HomePC/Desktop/DevOps/acquisitions/src/controllers/auth.controller.js:21:18)","timestamp":"2026-04-11T22:44:54.287Z"}
{"level":"info","message":"::1 - - [11/Apr/2026:22:44:54 +0000] \"POST /api/auth/sign-up HTTP/1.1\" 409 31 \"-\" \"PostmanRuntime/7.53.0\"","service":"acquisitions-api","timestamp":"2026-04-11T22:44:54.298Z"}
{"level":"info","message":"User adam@example.com created successfully","service":"acquisitions-api","timestamp":"2026-04-11T22:47:59.374Z"}
{"level":"info","message":"User registered successfully: adam@example.com","service":"acquisitions-api","timestamp":"2026-04-11T22:47:59.390Z"}
{"level":"info","message":"::1 - - [11/Apr/2026:22:47:59 +0000] \"POST /api/auth/sign-up HTTP/1.1\" 201 100 \"-\" \"PostmanRuntime/7.53.0\"","service":"acquisitions-api","timestamp":"2026-04-11T22:47:59.394Z"}
{"level":"error","message":"Error creating the user: Error: User with this email already exists","service":"acquisitions-api","timestamp":"2026-04-11T22:56:15.875Z"}
{"level":"error","message":"Signup error User with this email already exists","service":"acquisitions-api","stack":"Error: User with this email already exists\n    at createUser (file:///C:/Users/HomePC/Desktop/DevOps/acquisitions/src/services/auth.service.js:25:13)\n    at process.processTicksAndRejections (node:internal/process/task_queues:104:5)\n    at async signup (file:///C:/Users/HomePC/Desktop/DevOps/acquisitions/src/controllers/auth.controller.js:21:18)","timestamp":"2026-04-11T22:56:15.888Z"}
{"level":"info","message":"::1 - - [11/Apr/2026:22:56:15 +0000] \"POST /api/auth/sign-up HTTP/1.1\" 409 31 \"-\" \"PostmanRuntime/7.53.0\"","service":"acquisitions-api","timestamp":"2026-04-11T22:56:15.895Z"}
{"level":"info","message":"User adam@example.com authenticated successfully","service":"acquisitions-api","timestamp":"2026-04-12T21:03:33.756Z"}
{"level":"error","message":"Sign in error cookies is not defined","service":"acquisitions-api","stack":"ReferenceError: cookies is not defined\n    at signIn (file:///C:/Users/HomePC/Desktop/DevOps/acquisitions/src/controllers/auth.controller.js:69:5)","timestamp":"2026-04-12T21:03:33.765Z"}
{"level":"info","message":"::1 - - [12/Apr/2026:21:03:33 +0000] \"POST /api/auth/sign-in HTTP/1.1\" 500 286 \"-\" \"PostmanRuntime/7.53.0\"","service":"acquisitions-api","timestamp":"2026-04-12T21:03:33.776Z"}
{"level":"info","message":"User adam@example.com authenticated successfully","service":"acquisitions-api","timestamp":"2026-04-12T21:05:25.903Z"}
{"level":"info","message":"User signed in successfully: adam@example.com","service":"acquisitions-api","timestamp":"2026-04-12T21:05:25.911Z"}
{"level":"info","message":"::1 - - [12/Apr/2026:21:05:25 +0000] \"POST /api/auth/sign-in HTTP/1.1\" 200 112 \"-\" \"PostmanRuntime/7.53.0\"","service":"acquisitions-api","timestamp":"2026-04-12T21:05:25.920Z"}
{"level":"info","message":"User signed out successfully","service":"acquisitions-api","timestamp":"2026-04-12T21:06:19.617Z"}
{"level":"info","message":"::1 - - [12/Apr/2026:21:06:19 +0000] \"POST /api/auth/sign-out HTTP/1.1\" 200 42 \"-\" \"PostmanRuntime/7.53.0\"","service":"acquisitions-api","timestamp":"2026-04-12T21:06:19.627Z"}
{"level":"info","message":"Hello from Acquisitions!","service":"acquisitions-api","timestamp":"2026-04-23T18:12:16.971Z"}
{"level":"info","message":"::1 - - [23/Apr/2026:18:12:16 +0000] \"GET / HTTP/1.1\" 200 24 \"-\" \"Mozilla/5.0 (Windows NT 10.0; Win64; x64) AppleWebKit/537.36 (KHTML, like Gecko) Chrome/147.0.0.0 Safari/537.36\"","service":"acquisitions-api","timestamp":"2026-04-23T18:12:16.987Z"}
{"level":"info","message":"::1 - - [23/Apr/2026:18:12:17 +0000] \"GET /favicon.ico HTTP/1.1\" 404 150 \"-\" \"Mozilla/5.0 (Windows NT 10.0; Win64; x64) AppleWebKit/537.36 (KHTML, like Gecko) Chrome/147.0.0.0 Safari/537.36\"","service":"acquisitions-api","timestamp":"2026-04-23T18:12:17.402Z"}
{"ip":"::1","level":"warn","message":"Bot request blocked","path":"/health","service":"acquisitions-api","timestamp":"2026-04-23T18:12:46.016Z","userAgent":"PostmanRuntime/7.53.0"}
{"level":"info","message":"::1 - - [23/Apr/2026:18:12:46 +0000] \"GET /health HTTP/1.1\" 403 68 \"-\" \"PostmanRuntime/7.53.0\"","service":"acquisitions-api","timestamp":"2026-04-23T18:12:46.017Z"}
{"ip":"::1","level":"warn","message":"Bot request blocked","path":"/health","service":"acquisitions-api","timestamp":"2026-04-23T18:13:28.561Z","userAgent":"PostmanRuntime/7.53.0"}
{"level":"info","message":"::1 - - [23/Apr/2026:18:13:28 +0000] \"GET /health HTTP/1.1\" 403 68 \"-\" \"PostmanRuntime/7.53.0\"","service":"acquisitions-api","timestamp":"2026-04-23T18:13:28.570Z"}
{"level":"info","message":"::1 - - [23/Apr/2026:18:14:42 +0000] \"GET /health HTTP/1.1\" 200 73 \"-\" \"PostmanRuntime/7.53.0\"","service":"acquisitions-api","timestamp":"2026-04-23T18:14:42.757Z"}
{"level":"info","message":"::1 - - [23/Apr/2026:18:15:00 +0000] \"GET /health HTTP/1.1\" 200 74 \"-\" \"PostmanRuntime/7.53.0\"","service":"acquisitions-api","timestamp":"2026-04-23T18:15:00.017Z"}
{"level":"info","message":"::1 - - [23/Apr/2026:18:15:01 +0000] \"GET /health HTTP/1.1\" 200 74 \"-\" \"PostmanRuntime/7.53.0\"","service":"acquisitions-api","timestamp":"2026-04-23T18:15:01.413Z"}
{"level":"info","message":"::1 - - [23/Apr/2026:18:15:02 +0000] \"GET /health HTTP/1.1\" 200 74 \"-\" \"PostmanRuntime/7.53.0\"","service":"acquisitions-api","timestamp":"2026-04-23T18:15:02.662Z"}
{"level":"info","message":"::1 - - [23/Apr/2026:18:15:04 +0000] \"GET /health HTTP/1.1\" 200 74 \"-\" \"PostmanRuntime/7.53.0\"","service":"acquisitions-api","timestamp":"2026-04-23T18:15:04.010Z"}
{"level":"info","message":"::1 - - [23/Apr/2026:18:15:05 +0000] \"GET /health HTTP/1.1\" 200 74 \"-\" \"PostmanRuntime/7.53.0\"","service":"acquisitions-api","timestamp":"2026-04-23T18:15:05.269Z"}
{"ip":"::1","level":"warn","message":"Rate limit exceeded","path":"/health","service":"acquisitions-api","timestamp":"2026-04-23T18:15:06.497Z","userAgent":"PostmanRuntime/7.53.0"}
{"level":"info","message":"::1 - - [23/Apr/2026:18:15:06 +0000] \"GET /health HTTP/1.1\" 403 89 \"-\" \"PostmanRuntime/7.53.0\"","service":"acquisitions-api","timestamp":"2026-04-23T18:15:06.498Z"}
{"ip":"::1","level":"warn","message":"Rate limit exceeded","path":"/health","service":"acquisitions-api","timestamp":"2026-04-23T18:15:07.616Z","userAgent":"PostmanRuntime/7.53.0"}
{"level":"info","message":"::1 - - [23/Apr/2026:18:15:07 +0000] \"GET /health HTTP/1.1\" 403 89 \"-\" \"PostmanRuntime/7.53.0\"","service":"acquisitions-api","timestamp":"2026-04-23T18:15:07.618Z"}
{"level":"info","message":"::1 - - [23/Apr/2026:20:09:46 +0000] \"GET /health HTTP/1.1\" 200 76 \"-\" \"PostmanRuntime/7.53.0\"","service":"acquisitions-api","timestamp":"2026-04-23T20:09:46.313Z"}
{"level":"info","message":"::1 - - [23/Apr/2026:21:23:08 +0000] \"GET /health HTTP/1.1\" 200 75 \"-\" \"-\"","service":"acquisitions-api","timestamp":"2026-04-23T21:23:08.772Z"}
{"level":"info","message":"::1 - - [23/Apr/2026:21:23:39 +0000] \"GET /health HTTP/1.1\" 200 76 \"-\" \"-\"","service":"acquisitions-api","timestamp":"2026-04-23T21:23:39.535Z"}
{"level":"info","message":"::1 - - [23/Apr/2026:21:24:10 +0000] \"GET /health HTTP/1.1\" 200 75 \"-\" \"-\"","service":"acquisitions-api","timestamp":"2026-04-23T21:24:10.266Z"}
{"level":"info","message":"::1 - - [23/Apr/2026:21:24:41 +0000] \"GET /health HTTP/1.1\" 200 76 \"-\" \"-\"","service":"acquisitions-api","timestamp":"2026-04-23T21:24:41.060Z"}
{"level":"info","message":"::1 - - [23/Apr/2026:21:25:11 +0000] \"GET /health HTTP/1.1\" 200 77 \"-\" \"-\"","service":"acquisitions-api","timestamp":"2026-04-23T21:25:11.975Z"}
{"level":"info","message":"::1 - - [23/Apr/2026:21:25:42 +0000] \"GET /health HTTP/1.1\" 200 77 \"-\" \"-\"","service":"acquisitions-api","timestamp":"2026-04-23T21:25:42.998Z"}
{"level":"info","message":"::1 - - [23/Apr/2026:21:26:13 +0000] \"GET /health HTTP/1.1\" 200 77 \"-\" \"-\"","service":"acquisitions-api","timestamp":"2026-04-23T21:26:13.825Z"}
{"level":"info","message":"::1 - - [23/Apr/2026:21:26:44 +0000] \"GET /health HTTP/1.1\" 200 77 \"-\" \"-\"","service":"acquisitions-api","timestamp":"2026-04-23T21:26:44.664Z"}
{"level":"info","message":"Hello from Acquisitions!","service":"acquisitions-api","timestamp":"2026-04-23T21:27:12.344Z"}
{"level":"info","message":"::ffff:172.18.0.1 - - [23/Apr/2026:21:27:12 +0000] \"GET / HTTP/1.1\" 304 - \"-\" \"Mozilla/5.0 (Windows NT 10.0; Win64; x64) AppleWebKit/537.36 (KHTML, like Gecko) Chrome/147.0.0.0 Safari/537.36\"","service":"acquisitions-api","timestamp":"2026-04-23T21:27:12.353Z"}
{"level":"info","message":"::1 - - [23/Apr/2026:21:27:15 +0000] \"GET /health HTTP/1.1\" 200 76 \"-\" \"-\"","service":"acquisitions-api","timestamp":"2026-04-23T21:27:15.673Z"}
{"level":"info","message":"::1 - - [23/Apr/2026:21:27:46 +0000] \"GET /health HTTP/1.1\" 200 77 \"-\" \"-\"","service":"acquisitions-api","timestamp":"2026-04-23T21:27:46.460Z"}
{"level":"info","message":"::1 - - [23/Apr/2026:21:28:17 +0000] \"GET /health HTTP/1.1\" 200 77 \"-\" \"-\"","service":"acquisitions-api","timestamp":"2026-04-23T21:28:17.825Z"}
{"level":"info","message":"::1 - - [23/Apr/2026:21:28:48 +0000] \"GET /health HTTP/1.1\" 200 77 \"-\" \"-\"","service":"acquisitions-api","timestamp":"2026-04-23T21:28:48.682Z"}
{"level":"info","message":"::1 - - [23/Apr/2026:21:29:19 +0000] \"GET /health HTTP/1.1\" 200 77 \"-\" \"-\"","service":"acquisitions-api","timestamp":"2026-04-23T21:29:19.710Z"}
{"level":"info","message":"::1 - - [23/Apr/2026:21:29:50 +0000] \"GET /health HTTP/1.1\" 200 77 \"-\" \"-\"","service":"acquisitions-api","timestamp":"2026-04-23T21:29:50.732Z"}
{"level":"info","message":"::1 - - [23/Apr/2026:21:30:21 +0000] \"GET /health HTTP/1.1\" 200 77 \"-\" \"-\"","service":"acquisitions-api","timestamp":"2026-04-23T21:30:21.518Z"}
{"level":"info","message":"::1 - - [23/Apr/2026:21:30:52 +0000] \"GET /health HTTP/1.1\" 200 77 \"-\" \"-\"","service":"acquisitions-api","timestamp":"2026-04-23T21:30:52.313Z"}
{"level":"info","message":"::1 - - [23/Apr/2026:21:31:23 +0000] \"GET /health HTTP/1.1\" 200 77 \"-\" \"-\"","service":"acquisitions-api","timestamp":"2026-04-23T21:31:23.151Z"}
{"level":"info","message":"::1 - - [23/Apr/2026:21:31:54 +0000] \"GET /health HTTP/1.1\" 200 77 \"-\" \"-\"","service":"acquisitions-api","timestamp":"2026-04-23T21:31:54.088Z"}
{"level":"info","message":"::1 - - [23/Apr/2026:21:32:25 +0000] \"GET /health HTTP/1.1\" 200 76 \"-\" \"-\"","service":"acquisitions-api","timestamp":"2026-04-23T21:32:25.011Z"}
{"level":"info","message":"::1 - - [23/Apr/2026:21:32:55 +0000] \"GET /health HTTP/1.1\" 200 76 \"-\" \"-\"","service":"acquisitions-api","timestamp":"2026-04-23T21:32:55.785Z"}
{"level":"info","message":"::1 - - [23/Apr/2026:21:33:26 +0000] \"GET /health HTTP/1.1\" 200 77 \"-\" \"-\"","service":"acquisitions-api","timestamp":"2026-04-23T21:33:26.647Z"}
{"level":"info","message":"::1 - - [23/Apr/2026:21:33:57 +0000] \"GET /health HTTP/1.1\" 200 77 \"-\" \"-\"","service":"acquisitions-api","timestamp":"2026-04-23T21:33:57.725Z"}
{"level":"info","message":"::1 - - [23/Apr/2026:21:34:28 +0000] \"GET /health HTTP/1.1\" 200 76 \"-\" \"-\"","service":"acquisitions-api","timestamp":"2026-04-23T21:34:28.509Z"}
{"level":"info","message":"::1 - - [23/Apr/2026:21:34:59 +0000] \"GET /health HTTP/1.1\" 200 77 \"-\" \"-\"","service":"acquisitions-api","timestamp":"2026-04-23T21:34:59.626Z"}
{"level":"info","message":"::1 - - [23/Apr/2026:21:35:30 +0000] \"GET /health HTTP/1.1\" 200 77 \"-\" \"-\"","service":"acquisitions-api","timestamp":"2026-04-23T21:35:30.504Z"}
{"level":"info","message":"::1 - - [23/Apr/2026:21:36:01 +0000] \"GET /health HTTP/1.1\" 200 77 \"-\" \"-\"","service":"acquisitions-api","timestamp":"2026-04-23T21:36:01.710Z"}
{"level":"info","message":"::1 - - [23/Apr/2026:21:36:32 +0000] \"GET /health HTTP/1.1\" 200 77 \"-\" \"-\"","service":"acquisitions-api","timestamp":"2026-04-23T21:36:32.537Z"}
{"level":"info","message":"::1 - - [23/Apr/2026:21:37:03 +0000] \"GET /health HTTP/1.1\" 200 77 \"-\" \"-\"","service":"acquisitions-api","timestamp":"2026-04-23T21:37:03.789Z"}
{"level":"info","message":"::1 - - [23/Apr/2026:21:37:34 +0000] \"GET /health HTTP/1.1\" 200 77 \"-\" \"-\"","service":"acquisitions-api","timestamp":"2026-04-23T21:37:34.570Z"}
{"level":"info","message":"::1 - - [23/Apr/2026:21:38:05 +0000] \"GET /health HTTP/1.1\" 200 77 \"-\" \"-\"","service":"acquisitions-api","timestamp":"2026-04-23T21:38:05.909Z"}
{"level":"info","message":"::1 - - [23/Apr/2026:21:38:36 +0000] \"GET /health HTTP/1.1\" 200 77 \"-\" \"-\"","service":"acquisitions-api","timestamp":"2026-04-23T21:38:36.871Z"}
{"level":"info","message":"::1 - - [23/Apr/2026:21:39:07 +0000] \"GET /health HTTP/1.1\" 200 77 \"-\" \"-\"","service":"acquisitions-api","timestamp":"2026-04-23T21:39:07.675Z"}
{"level":"info","message":"::1 - - [23/Apr/2026:21:39:38 +0000] \"GET /health HTTP/1.1\" 200 77 \"-\" \"-\"","service":"acquisitions-api","timestamp":"2026-04-23T21:39:38.651Z"}
{"level":"error","message":"Error creating the user: Error: Failed query: select \"id\", \"name\", \"email\", \"password\", \"role\", \"created_at\", \"updated_at\" from \"users\" where \"users\".\"email\" = $1 limit $2\nparams: adam.masha@example.com,1","service":"acquisitions-api","timestamp":"2026-04-23T21:39:47.821Z"}
{"cause":{"name":"NeonDbError","sourceError":{"cause":{"address":"172.18.0.2","code":"ECONNREFUSED","errno":-111,"port":443,"syscall":"connect"}}},"level":"error","message":"Signup error Failed query: select \"id\", \"name\", \"email\", \"password\", \"role\", \"created_at\", \"updated_at\" from \"users\" where \"users\".\"email\" = $1 limit $2\nparams: adam.masha@example.com,1","params":["adam.masha@example.com",1],"query":"select \"id\", \"name\", \"email\", \"password\", \"role\", \"created_at\", \"updated_at\" from \"users\" where \"users\".\"email\" = $1 limit $2","service":"acquisitions-api","stack":"Error: Failed query: select \"id\", \"name\", \"email\", \"password\", \"role\", \"created_at\", \"updated_at\" from \"users\" where \"users\".\"email\" = $1 limit $2\nparams: adam.masha@example.com,1\n    at NeonHttpPreparedQuery.queryWithCache (file:///app/node_modules/drizzle-orm/pg-core/session.js:41:15)\n    at process.processTicksAndRejections (node:internal/process/task_queues:95:5)\n    at async NeonHttpPreparedQuery.execute (file:///app/node_modules/drizzle-orm/neon-http/session.js:45:20)\n    at async createUser (file:///app/src/services/auth.service.js:61:26)\n    at async signup (file:///app/src/controllers/auth.controller.js:22:18)","timestamp":"2026-04-23T21:39:47.824Z"}
{"level":"info","message":"::ffff:172.18.0.1 - - [23/Apr/2026:21:39:47 +0000] \"POST /api/auth/sign-up HTTP/1.1\" 500 921 \"-\" \"PostmanRuntime/7.53.0\"","service":"acquisitions-api","timestamp":"2026-04-23T21:39:47.832Z"}
{"level":"info","message":"::1 - - [23/Apr/2026:21:40:09 +0000] \"GET /health HTTP/1.1\" 200 78 \"-\" \"-\"","service":"acquisitions-api","timestamp":"2026-04-23T21:40:09.682Z"}
{"level":"info","message":"::1 - - [23/Apr/2026:21:40:40 +0000] \"GET /health HTTP/1.1\" 200 78 \"-\" \"-\"","service":"acquisitions-api","timestamp":"2026-04-23T21:40:40.510Z"}
{"level":"info","message":"::1 - - [23/Apr/2026:21:41:11 +0000] \"GET /health HTTP/1.1\" 200 78 \"-\" \"-\"","service":"acquisitions-api","timestamp":"2026-04-23T21:41:11.357Z"}
{"level":"info","message":"::1 - - [23/Apr/2026:21:41:42 +0000] \"GET /health HTTP/1.1\" 200 78 \"-\" \"-\"","service":"acquisitions-api","timestamp":"2026-04-23T21:41:42.323Z"}
{"level":"info","message":"::1 - - [23/Apr/2026:21:42:13 +0000] \"GET /health HTTP/1.1\" 200 78 \"-\" \"-\"","service":"acquisitions-api","timestamp":"2026-04-23T21:42:13.898Z"}
{"level":"info","message":"::1 - - [23/Apr/2026:21:42:45 +0000] \"GET /health HTTP/1.1\" 200 78 \"-\" \"-\"","service":"acquisitions-api","timestamp":"2026-04-23T21:42:45.103Z"}
{"level":"error","message":"Error creating the user: Error: Failed query: select \"id\", \"name\", \"email\", \"password\", \"role\", \"created_at\", \"updated_at\" from \"users\" where \"users\".\"email\" = $1 limit $2\nparams: adam.masha@example.com,1","service":"acquisitions-api","timestamp":"2026-04-23T21:43:06.480Z"}
{"cause":{"name":"NeonDbError","sourceError":{"cause":{"address":"172.18.0.2","code":"ECONNREFUSED","errno":-111,"port":443,"syscall":"connect"}}},"level":"error","message":"Signup error Failed query: select \"id\", \"name\", \"email\", \"password\", \"role\", \"created_at\", \"updated_at\" from \"users\" where \"users\".\"email\" = $1 limit $2\nparams: adam.masha@example.com,1","params":["adam.masha@example.com",1],"query":"select \"id\", \"name\", \"email\", \"password\", \"role\", \"created_at\", \"updated_at\" from \"users\" where \"users\".\"email\" = $1 limit $2","service":"acquisitions-api","stack":"Error: Failed query: select \"id\", \"name\", \"email\", \"password\", \"role\", \"created_at\", \"updated_at\" from \"users\" where \"users\".\"email\" = $1 limit $2\nparams: adam.masha@example.com,1\n    at NeonHttpPreparedQuery.queryWithCache (file:///app/node_modules/drizzle-orm/pg-core/session.js:41:15)\n    at process.processTicksAndRejections (node:internal/process/task_queues:95:5)\n    at async NeonHttpPreparedQuery.execute (file:///app/node_modules/drizzle-orm/neon-http/session.js:45:20)\n    at async createUser (file:///app/src/services/auth.service.js:61:26)\n    at async signup (file:///app/src/controllers/auth.controller.js:22:18)","timestamp":"2026-04-23T21:43:06.481Z"}
{"level":"info","message":"::ffff:172.18.0.1 - - [23/Apr/2026:21:43:06 +0000] \"POST /api/auth/sign-up HTTP/1.1\" 500 921 \"-\" \"PostmanRuntime/7.53.0\"","service":"acquisitions-api","timestamp":"2026-04-23T21:43:06.487Z"}
{"level":"error","message":"Error creating the user: Error: Failed query: select \"id\", \"name\", \"email\", \"password\", \"role\", \"created_at\", \"updated_at\" from \"users\" where \"users\".\"email\" = $1 limit $2\nparams: adam.masha@example.com,1","service":"acquisitions-api","timestamp":"2026-04-23T21:43:10.028Z"}
{"cause":{"name":"NeonDbError","sourceError":{"cause":{"address":"172.18.0.2","code":"ECONNREFUSED","errno":-111,"port":443,"syscall":"connect"}}},"level":"error","message":"Signup error Failed query: select \"id\", \"name\", \"email\", \"password\", \"role\", \"created_at\", \"updated_at\" from \"users\" where \"users\".\"email\" = $1 limit $2\nparams: adam.masha@example.com,1","params":["adam.masha@example.com",1],"query":"select \"id\", \"name\", \"email\", \"password\", \"role\", \"created_at\", \"updated_at\" from \"users\" where \"users\".\"email\" = $1 limit $2","service":"acquisitions-api","stack":"Error: Failed query: select \"id\", \"name\", \"email\", \"password\", \"role\", \"created_at\", \"updated_at\" from \"users\" where \"users\".\"email\" = $1 limit $2\nparams: adam.masha@example.com,1\n    at NeonHttpPreparedQuery.queryWithCache (file:///app/node_modules/drizzle-orm/pg-core/session.js:41:15)\n    at process.processTicksAndRejections (node:internal/process/task_queues:95:5)\n    at async NeonHttpPreparedQuery.execute (file:///app/node_modules/drizzle-orm/neon-http/session.js:45:20)\n    at async createUser (file:///app/src/services/auth.service.js:61:26)\n    at async signup (file:///app/src/controllers/auth.controller.js:22:18)","timestamp":"2026-04-23T21:43:10.030Z"}
{"level":"info","message":"::ffff:172.18.0.1 - - [23/Apr/2026:21:43:10 +0000] \"POST /api/auth/sign-up HTTP/1.1\" 500 921 \"-\" \"PostmanRuntime/7.53.0\"","service":"acquisitions-api","timestamp":"2026-04-23T21:43:10.044Z"}
{"level":"info","message":"::1 - - [23/Apr/2026:21:43:16 +0000] \"GET /health HTTP/1.1\" 200 78 \"-\" \"-\"","service":"acquisitions-api","timestamp":"2026-04-23T21:43:16.517Z"}
{"level":"info","message":"::1 - - [23/Apr/2026:21:43:47 +0000] \"GET /health HTTP/1.1\" 200 78 \"-\" \"-\"","service":"acquisitions-api","timestamp":"2026-04-23T21:43:47.205Z"}
{"level":"info","message":"::1 - - [23/Apr/2026:21:44:18 +0000] \"GET /health HTTP/1.1\" 200 78 \"-\" \"-\"","service":"acquisitions-api","timestamp":"2026-04-23T21:44:18.043Z"}
{"level":"error","message":"Error creating the user: Error: Failed query: select \"id\", \"name\", \"email\", \"password\", \"role\", \"created_at\", \"updated_at\" from \"users\" where \"users\".\"email\" = $1 limit $2\nparams: adam.ngowa@example.com,1","service":"acquisitions-api","timestamp":"2026-04-23T21:44:45.747Z"}
{"cause":{"name":"NeonDbError","sourceError":{"cause":{"address":"172.18.0.2","code":"ECONNREFUSED","errno":-111,"port":443,"syscall":"connect"}}},"level":"error","message":"Signup error Failed query: select \"id\", \"name\", \"email\", \"password\", \"role\", \"created_at\", \"updated_at\" from \"users\" where \"users\".\"email\" = $1 limit $2\nparams: adam.ngowa@example.com,1","params":["adam.ngowa@example.com",1],"query":"select \"id\", \"name\", \"email\", \"password\", \"role\", \"created_at\", \"updated_at\" from \"users\" where \"users\".\"email\" = $1 limit $2","service":"acquisitions-api","stack":"Error: Failed query: select \"id\", \"name\", \"email\", \"password\", \"role\", \"created_at\", \"updated_at\" from \"users\" where \"users\".\"email\" = $1 limit $2\nparams: adam.ngowa@example.com,1\n    at NeonHttpPreparedQuery.queryWithCache (file:///app/node_modules/drizzle-orm/pg-core/session.js:41:15)\n    at process.processTicksAndRejections (node:internal/process/task_queues:95:5)\n    at async NeonHttpPreparedQuery.execute (file:///app/node_modules/drizzle-orm/neon-http/session.js:45:20)\n    at async createUser (file:///app/src/services/auth.service.js:61:26)\n    at async signup (file:///app/src/controllers/auth.controller.js:22:18)","timestamp":"2026-04-23T21:44:45.749Z"}
{"level":"info","message":"::ffff:172.18.0.1 - - [23/Apr/2026:21:44:45 +0000] \"POST /api/auth/sign-up HTTP/1.1\" 500 921 \"-\" \"PostmanRuntime/7.53.0\"","service":"acquisitions-api","timestamp":"2026-04-23T21:44:45.752Z"}
{"level":"info","message":"::1 - - [23/Apr/2026:21:44:48 +0000] \"GET /health HTTP/1.1\" 200 78 \"-\" \"-\"","service":"acquisitions-api","timestamp":"2026-04-23T21:44:48.787Z"}
